<?xml version="1.0" encoding="UTF-8"?>
<!-- Generated by org.testng.reporters.JUnitReportReporter -->
<testsuite hostname="Umas-MBP.attlocal.net" failures="0" tests="1" name="testSuite1.Module1" time="0.003" errors="0" timestamp="2024-02-15T23:32:08 PST" skipped="0">
  <testcase classname="testSuite1.Module1" name="test001" time="0.003"/>
</testsuite> <!-- testSuite1.Module1 -->
