<?xml version="1.0" encoding="UTF-8"?>
<!-- Generated by org.testng.reporters.JUnitReportReporter -->
<testsuite hostname="Umas-MBP.attlocal.net" failures="0" tests="4" name="testSuite1.Module2" time="0.002" errors="0" timestamp="2024-02-17T21:11:45 PST" skipped="0">
  <testcase classname="testSuite1.Module2" name="test001" time="0.000"/>
  <testcase classname="testSuite1.Module2" name="test001" time="0.002"/>
  <testcase classname="testSuite1.Module2" name="test003" time="0.000"/>
  <testcase classname="testSuite1.Module2" name="test003" time="0.000"/>
  <system-out>
    <![CDATA[Module1...I am executing test case 001
Module1...I am executing test case 001]]>
  </system-out>
</testsuite> <!-- testSuite1.Module2 -->
